#separator \x09
#set_separator	,
#empty_field	(empty)
#unset_field	-
#path	ocsp
#open	2024-06-14-13-22-23
#fields	ts	id	hashAlgorithm	issuerNameHash	issuerKeyHash	serialNumber	certStatus	revoketime	revokereason	thisUpdate	nextUpdate
#types	time	string	string	string	string	string	string	time	string	time	time
1718268945.239626	FLsiXR11PF1VWmwFA5	sha1	48DAC9A0FB2BD32D4FF0DE68D2F567B735F9B3C4	142EB317B75856CBAE500940E61FAF9D8B14C2C6	04B2AD5A18D9B0D3E6F61304D6ADB323C4C7	good	-	-	1718098680.000000	1718703478.000000
1718268945.301979	Ff19SU3JW4RtDrV4zi	sha1	48DAC9A0FB2BD32D4FF0DE68D2F567B735F9B3C4	142EB317B75856CBAE500940E61FAF9D8B14C2C6	0481863EE421934DE24F00F91D4B783D519D	good	-	-	1718098440.000000	1718703238.000000
1718268945.487493	F2lfAv1zeUiWugGW6	sha1	48DAC9A0FB2BD32D4FF0DE68D2F567B735F9B3C4	142EB317B75856CBAE500940E61FAF9D8B14C2C6	0481863EE421934DE24F00F91D4B783D519D	good	-	-	1718098440.000000	1718703238.000000
1718268946.516616	FK3Z4g2havWnIHE392	sha1	48DAC9A0FB2BD32D4FF0DE68D2F567B735F9B3C4	142EB317B75856CBAE500940E61FAF9D8B14C2C6	03F8917A7E168F9314B8AFB14976EE4917B6	good	-	-	1718095680.000000	1718700478.000000
1718268948.576010	FlM1Dg2xdQOpMiZEyh	sha1	48DAC9A0FB2BD32D4FF0DE68D2F567B735F9B3C4	142EB317B75856CBAE500940E61FAF9D8B14C2C6	048270BD70F772AC0F51B2E45CB274E6939A	good	-	-	1718095620.000000	1718700418.000000
1718268948.594670	FQixaVS2KxZZYpiKh	sha1	5342D4848BC117F9B6144D777CFB23310F7B35CD	DE1B1EED7915D43E3724C321BBEC34396D42B230	A36BC29EE446AFDA0A9E0B9C3B16752A	good	-	-	1718187363.000000	1718788562.000000
1718268949.341860	FrwSfa34O9CAcfxqUa	sha1	48DAC9A0FB2BD32D4FF0DE68D2F567B735F9B3C4	142EB317B75856CBAE500940E61FAF9D8B14C2C6	04E9417FA949AF5579C1E68AB26993ACE352	good	-	-	1718095620.000000	1718700418.000000
1718268955.450949	FsKViV2vHaJFgEfTRh	sha1	48DAC9A0FB2BD32D4FF0DE68D2F567B735F9B3C4	142EB317B75856CBAE500940E61FAF9D8B14C2C6	036074CFC49CA231E673700B7648D499EE0B	good	-	-	1718095620.000000	1718700418.000000
1718268955.497140	FcNf8R1pNw34ispOIl	sha1	48DAC9A0FB2BD32D4FF0DE68D2F567B735F9B3C4	142EB317B75856CBAE500940E61FAF9D8B14C2C6	036074CFC49CA231E673700B7648D499EE0B	good	-	-	1718095620.000000	1718700418.000000
1718268955.887350	F2102X3THTQTSgk65b	sha1	48DAC9A0FB2BD32D4FF0DE68D2F567B735F9B3C4	142EB317B75856CBAE500940E61FAF9D8B14C2C6	03019AAD308488D2F80C62DCD0E61C14FA5C	good	-	-	1718095680.000000	1718700478.000000
1718269061.024961	FECQZg3MsQCqMiM561	sha1	5342D4848BC117F9B6144D777CFB23310F7B35CD	DE1B1EED7915D43E3724C321BBEC34396D42B230	8AB3EACA455BAD780AC891B4C2D03A0B	good	-	-	1718188985.000000	1718790184.000000
1718269061.024961	FLtB573cFu9cWnKvQ2	sha1	5342D4848BC117F9B6144D777CFB23310F7B35CD	DE1B1EED7915D43E3724C321BBEC34396D42B230	8AB3EACA455BAD780AC891B4C2D03A0B	good	-	-	1718188985.000000	1718790184.000000
1718269061.422353	FLQrcF5IfAnuo2ke8	sha1	5342D4848BC117F9B6144D777CFB23310F7B35CD	DE1B1EED7915D43E3724C321BBEC34396D42B230	CC38547C571CF1C40904817F86424F7A	good	-	-	1718183754.000000	1718784953.000000
1718269062.216405	FOUdH44xJHSbiM8hul	sha1	5342D4848BC117F9B6144D777CFB23310F7B35CD	DE1B1EED7915D43E3724C321BBEC34396D42B230	D70F2EAC5745C11E1203CA709C171EDE	good	-	-	1718187420.000000	1718788619.000000
1718269062.219734	FoijuN4doejTAjVSh	sha1	5342D4848BC117F9B6144D777CFB23310F7B35CD	DE1B1EED7915D43E3724C321BBEC34396D42B230	D70F2EAC5745C11E1203CA709C171EDE	good	-	-	1718187420.000000	1718788619.000000
1718269066.664507	FzWyHb2q3tko1gYoh1	sha1	C72E798ADDFF6134B3BAED4742B8BBC6C0240763	8A747FAF85CDEE95CD3D9CD0E24614F371351D27	5AA834B214D917AF09A364E78B4E7E2E	good	-	-	1718183944.000000	1718785143.000000
1718269066.718159	FQLFQd21ZqbOc7xPSk	sha1	C72E798ADDFF6134B3BAED4742B8BBC6C0240763	8A747FAF85CDEE95CD3D9CD0E24614F371351D27	18875A7D66A6CD0D0A51863952C0D089	good	-	-	1718185561.000000	1718786760.000000
1718269066.925214	Fhlqhy2UxAStXgvoFe	sha1	5342D4848BC117F9B6144D777CFB23310F7B35CD	DE1B1EED7915D43E3724C321BBEC34396D42B230	E5DF7D6D528DF2830A08C6638BCA8D45	good	-	-	1718188987.000000	1718790186.000000
1718269067.471760	FdYCOG13Eza4UYAfna	sha1	5342D4848BC117F9B6144D777CFB23310F7B35CD	DE1B1EED7915D43E3724C321BBEC34396D42B230	E1F27BF96BDBE24E0A52E27F03B73C01	good	-	-	1718187420.000000	1718788619.000000
1718269101.373181	FMkRhe42of2EFFmfOc	sha1	5342D4848BC117F9B6144D777CFB23310F7B35CD	DE1B1EED7915D43E3724C321BBEC34396D42B230	E8D380AE72BA1D39109208E3BB03991D	good	-	-	1718185456.000000	1718786655.000000
1718269101.373181	FnjdYu4KM35qwu0uQi	sha1	5342D4848BC117F9B6144D777CFB23310F7B35CD	DE1B1EED7915D43E3724C321BBEC34396D42B230	E8D380AE72BA1D39109208E3BB03991D	good	-	-	1718185456.000000	1718786655.000000
1718269102.516803	FT3Wo54tGF9G1x0r8j	sha1	5342D4848BC117F9B6144D777CFB23310F7B35CD	DE1B1EED7915D43E3724C321BBEC34396D42B230	C1B3281CF18A91C8090F4A695F200268	good	-	-	1718183601.000000	1718784800.000000
1718269102.703105	F5ygvz4s2MZEMe9RM2	sha1	CF26F518FAC97E8F8CB342E01C2F6A109E8E5F0A	5168FF90AF0207753CCCD9656462A212B859723B	0A97AFB2E41A1BE56A86ACDDE37C1E55	good	-	-	1718226181.000000	1718827381.000000
1718269103.346615	FCgM7x4ZcJQHplSuwj	sha1	430BD20E4F137A1A6C918F24E5DA7E324D4733C8	8D8C5EC454AD8AE177E99BF99B05E1B8018D61E1	60D1F9FE452B1AEACE67A3E308B78683	good	-	-	1718031099.000000	1718635898.000000
1718269103.442637	FGBdmf1YzuETrhqY1e	sha1	430BD20E4F137A1A6C918F24E5DA7E324D4733C8	8D8C5EC454AD8AE177E99BF99B05E1B8018D61E1	60D1F9FE452B1AEACE67A3E308B78683	good	-	-	1718031099.000000	1718635898.000000
1718269103.537126	Fl4rqD2Yyxpz2wpJMk	sha1	430BD20E4F137A1A6C918F24E5DA7E324D4733C8	8D8C5EC454AD8AE177E99BF99B05E1B8018D61E1	60D1F9FE452B1AEACE67A3E308B78683	good	-	-	1718031099.000000	1718635898.000000
1718269103.609822	F6cAKa2wiFinNuBM74	sha1	430BD20E4F137A1A6C918F24E5DA7E324D4733C8	8D8C5EC454AD8AE177E99BF99B05E1B8018D61E1	60D1F9FE452B1AEACE67A3E308B78683	good	-	-	1718031099.000000	1718635898.000000
1718269110.845826	FIrE6M1o2jiNBQ7pHc	sha1	430BD20E4F137A1A6C918F24E5DA7E324D4733C8	8D8C5EC454AD8AE177E99BF99B05E1B8018D61E1	F2CF5570455C49F98BD084019E8D909A	good	-	-	1718208091.000000	1718812890.000000
1718269110.853093	FE7Hg03L0nQ1ZdJKfc	sha1	48DAC9A0FB2BD32D4FF0DE68D2F567B735F9B3C4	142EB317B75856CBAE500940E61FAF9D8B14C2C6	035DC677F017DD3D864F14A0A19C22795132	good	-	-	1718103240.000000	1718708038.000000
1718269110.972824	Fi1x3627ai72FCZh07	sha1	48DAC9A0FB2BD32D4FF0DE68D2F567B735F9B3C4	142EB317B75856CBAE500940E61FAF9D8B14C2C6	0460BF0025925FBCC84974E6AA4E393E9FC0	good	-	-	1718098980.000000	1718703778.000000
1718269111.638145	FRlmAu4xDMQ5mSsoe2	sha1	12AB48B9B763DA7E2D86C3DBB3C2773B29372D5A	C781F5FD8E88D9003C4D63A2503124A0CE23FE23	3654C7F4F0FEB769120DCB560D052362	good	-	-	1718219842.000000	1718821041.000000
1718269112.479895	FfRY2A2zZU4sJZIdyb	sha1	498942A04F69BCF1F6789F17352EEE8CFE3BE46A	0CDB6C82490F4A670AB814EE7AC4485288EB5638	0B8CE9E7BE4C03D160827FCEF97A7568	good	-	-	1718231582.000000	1718832782.000000
1718269112.490942	Fvk7Ur4S6GdZKxWT7h	sha1	498942A04F69BCF1F6789F17352EEE8CFE3BE46A	0CDB6C82490F4A670AB814EE7AC4485288EB5638	0B8CE9E7BE4C03D160827FCEF97A7568	good	-	-	1718231582.000000	1718832782.000000
1718269112.609344	FzxLThZQKjQ7PRjV8	sha1	5342D4848BC117F9B6144D777CFB23310F7B35CD	DE1B1EED7915D43E3724C321BBEC34396D42B230	168FA8CB5319EA510A7B4EC899FB545F	good	-	-	1718187456.000000	1718788655.000000
1718269112.609344	FfzpBk1lIm6RVeaO96	sha1	5342D4848BC117F9B6144D777CFB23310F7B35CD	DE1B1EED7915D43E3724C321BBEC34396D42B230	168FA8CB5319EA510A7B4EC899FB545F	good	-	-	1718187456.000000	1718788655.000000
1718269113.395786	FlA0Bf3NcNiEOtz8Zh	sha1	C72E798ADDFF6134B3BAED4742B8BBC6C0240763	8A747FAF85CDEE95CD3D9CD0E24614F371351D27	DFBC35B0190E64571040561042AAA349	good	-	-	1718181887.000000	1718783086.000000
1718269113.405674	FreMsf3J1KGBNTO2re	sha1	5342D4848BC117F9B6144D777CFB23310F7B35CD	DE1B1EED7915D43E3724C321BBEC34396D42B230	506A7A3B8F4EA39A12B0E684D53CF95A	good	-	-	1718183795.000000	1718784994.000000
1718269114.092270	FGBHzu23kpw5vUJKdh	sha1	430BD20E4F137A1A6C918F24E5DA7E324D4733C8	8D8C5EC454AD8AE177E99BF99B05E1B8018D61E1	5171D2024D3BD0DF3013760BBC763BAA	good	-	-	1718243422.000000	1718848221.000000
1718269115.148528	F7PGgu4JN9Y1RCAje6	sha1	5342D4848BC117F9B6144D777CFB23310F7B35CD	DE1B1EED7915D43E3724C321BBEC34396D42B230	8C795D16BBD45CBC09FFA18EEEA1D46D	good	-	-	1718187363.000000	1718788562.000000
#close	2024-06-14-13-22-24
