#separator \x09
#set_separator	,
#empty_field	(empty)
#unset_field	-
#path	x509
#open	2023-04-24-20-48-19
#fields	ts	fingerprint	certificate.version	certificate.serial	certificate.subject	certificate.issuer	certificate.not_valid_before	certificate.not_valid_after	certificate.key_alg	certificate.sig_alg	certificate.key_type	certificate.key_length	certificate.exponent	certificate.curve	san.dns	san.uri	san.email	san.ip	basic_constraints.ca	basic_constraints.path_len	host_cert	client_cert
#types	time	string	count	string	string	string	time	time	string	string	string	count	string	string	vector[string]	vector[string]	vector[string]	vector[addr]	bool	count	bool	bool
1682369168.262547	564e7c7f620fcb94e830bb2123c18fe7ab81a59077ca3f8173f50da75eb7ee14	3	0965B6FE3A2F99D3F74E5B69C7C53B65	CN=*.battle.net,O=Blizzard Entertainment\\, Inc.,L=Irvine,ST=California,C=US	CN=DigiCert TLS RSA SHA256 2020 CA1,O=DigiCert Inc,C=US	1675123200.000000	1691107199.000000	rsaEncryption	sha256WithRSAEncryption	rsa	2048	65537	-	*.battle.net,battle.net	-	-	-	F	-	T	F
1682369168.262547	52274c57ce4dee3b49db7a7ff708c040f771898b3be88725a86fb4430182fe14	3	06D8D904D5584346F68A2FA754227EC4	CN=DigiCert TLS RSA SHA256 2020 CA1,O=DigiCert Inc,C=US	CN=DigiCert Global Root CA,OU=www.digicert.com,O=DigiCert Inc,C=US	1618358400.000000	1933891199.000000	rsaEncryption	sha256WithRSAEncryption	rsa	2048	65537	-	-	-	-	-	T	0	F	F
1682369204.980525	374c0267a9f9c6abcada6ec3f3ddb3f278e0492d068a09d28837bc2753cddae2	3	07889DC36B81B3A33624BA6D31431649	CN=go-updater.brave.com	CN=Amazon ECDSA 256 M02,O=Amazon,C=US	1676851200.000000	1710979199.000000	id-ecPublicKey	ecdsa-with-SHA256	ecdsa	256	-	prime256v1	go-updater.brave.com	-	-	-	F	-	T	F
1682369204.980525	f9693255933b68159d168aa9a247da1dc66e23c0620338ef7149e48f83b1ae79	3	0773126DE2C2FAFD2C47AD88B1566E0182046D	CN=Amazon ECDSA 256 M02,O=Amazon,C=US	CN=Amazon Root CA 3,O=Amazon,C=US	1661294004.000000	1913754804.000000	id-ecPublicKey	ecdsa-with-SHA256	ecdsa	256	-	prime256v1	-	-	-	-	T	0	F	F
1682369204.980525	40c826fdb22ba32a2f9db4f94770f72b8b1da9c8ffda7b11e6f27af245c89b5e	3	067F944A30CFCC4F74B5F5306E54D3B7BE0AC3	CN=Amazon Root CA 3,O=Amazon,C=US	CN=Starfield Services Root Certificate Authority - G2,O=Starfield Technologies\\, Inc.,L=Scottsdale,ST=Arizona,C=US	1432555200.000000	2145834000.000000	id-ecPublicKey	sha256WithRSAEncryption	ecdsa	256	-	prime256v1	-	-	-	-	T	-	F	F
1682369204.980525	28689b30e4c306aab53b027b29e36ad6dd1dcf4b953994482ca84bdc1ecac996	3	A70E4A4C3482B77F	CN=Starfield Services Root Certificate Authority - G2,O=Starfield Technologies\\, Inc.,L=Scottsdale,ST=Arizona,C=US	OU=Starfield Class 2 Certification Authority,O=Starfield Technologies\\, Inc.,C=US	1251849600.000000	2035129156.000000	rsaEncryption	sha256WithRSAEncryption	rsa	2048	65537	-	-	-	-	-	T	-	F	F
1682369205.698563	057a54ddec667d6ec88f3220132d3dc33f4a65d35f1e69e3558cefb53fd5819a	3	0B7297A0A708B1257AFB256F8F22FDEA	CN=proxy.brave.com	CN=Amazon RSA 2048 M02,O=Amazon,C=US	1678752000.000000	1712966399.000000	rsaEncryption	sha256WithRSAEncryption	rsa	2048	65537	-	proxy.brave.com,apis.brave.com,clients4.proxy.brave.com,componentupdater.proxy.brave.com,static1.proxy.brave.com,static1.brave.com,extensionupdater.brave.com,static.brave.com,safebrowsing2.brave.com,crxdownload.brave.com,crxdownload.proxy.brave.com,sb-ssl.proxy.brave.com,apis.proxy.brave.com,static.proxy.brave.com,componentupdater.brave.com,devtools.brave.com,safebrowsing2.proxy.brave.com,extensionupdater.proxy.brave.com,gaia.brave.com,gaia.proxy.brave.com,sb-ssl.brave.com,devtools.proxy.brave.com,clients4.brave.com	-	-	-	F	-	T	F
1682369205.698563	b0f330a31a0c50987e1c3a7bb02c2dda682991d3165b517bd44fba4a6020bd94	3	0773124A4BCBD44EC7B53BEAF194842D3A0FA1	CN=Amazon RSA 2048 M02,O=Amazon,C=US	CN=Amazon Root CA 1,O=Amazon,C=US	1661293530.000000	1913754330.000000	rsaEncryption	sha256WithRSAEncryption	rsa	2048	65537	-	-	-	-	-	T	0	F	F
1682369205.698563	87dcd4dc74640a322cd205552506d1be64f12596258096544986b4850bc72706	3	067F944A2A27CDF3FAC2AE2B01F908EEB9C4C6	CN=Amazon Root CA 1,O=Amazon,C=US	CN=Starfield Services Root Certificate Authority - G2,O=Starfield Technologies\\, Inc.,L=Scottsdale,ST=Arizona,C=US	1432555200.000000	2145834000.000000	rsaEncryption	sha256WithRSAEncryption	rsa	2048	65537	-	-	-	-	-	T	-	F	F
1682369250.130794	8f4cb83bf5f736d3f9a1119216ec469ed2270a9c6972f846424ce295d1c8c768	3	33000001E21FEF346D38B5FB580000000001E2	CN=settings-win.data.microsoft.com,OU=WSE,O=Microsoft,L=Redmond,ST=WA,C=US	CN=Microsoft Secure Server CA 2011,O=Microsoft Corporation,L=Redmond,ST=Washington,C=US	1656611963.000000	1696096763.000000	rsaEncryption	sha256WithRSAEncryption	rsa	2048	65537	-	settings-win.data.microsoft.com	-	-	-	F	-	T	F
1682369250.130794	83688f2aef71386e0936c4b3013b07e8e0c796d8427716dd48b2a63d79509129	3	613FB718000000000004	CN=Microsoft Secure Server CA 2011,O=Microsoft Corporation,L=Redmond,ST=Washington,C=US	CN=Microsoft Root Certificate Authority 2011,O=Microsoft Corporation,L=Redmond,ST=Washington,C=US	1318978519.000000	1792364719.000000	rsaEncryption	sha256WithRSAEncryption	rsa	4096	65537	-	-	-	-	-	T	-	F	F
#close	2023-04-24-20-48-19
