[852609 - Suricata-Main] 2024-06-14 14:48:03 Notice: suricata: This is Suricata version 7.0.3 RELEASE running in USER mode
[852609 - Suricata-Main] 2024-06-14 14:48:03 Info: cpu: CPUs/cores online: 4
[852609 - Suricata-Main] 2024-06-14 14:48:03 Info: suricata: Setting engine mode to IDS mode by default
[852609 - Suricata-Main] 2024-06-14 14:48:03 Info: exception-policy: master exception-policy set to: auto
[852609 - Suricata-Main] 2024-06-14 14:48:03 Info: logopenfile: fast output device (regular) initialized: fast.log
[852609 - Suricata-Main] 2024-06-14 14:48:03 Info: logopenfile: eve-log output device (regular) initialized: eve.json
[852609 - Suricata-Main] 2024-06-14 14:48:03 Info: logopenfile: stats output device (regular) initialized: stats.log
[852609 - Suricata-Main] 2024-06-14 14:48:35 Info: detect: 1 rule files processed. 43965 rules successfully loaded, 0 rules failed, 0
[852609 - Suricata-Main] 2024-06-14 14:48:35 Info: threshold-config: Threshold config parsed: 0 rule(s) found
[852609 - Suricata-Main] 2024-06-14 14:48:35 Info: detect: 43968 signatures processed. 1194 are IP-only rules, 4987 are inspecting packet payload, 37575 inspect application layer, 108 are decoder event only
[852609 - Suricata-Main] 2024-06-14 14:48:54 Info: unix-manager: unix socket '/var/run/suricata-command.socket'
[852609 - Suricata-Main] 2024-06-14 14:48:54 Warning: unix-manager: Unix socket: UNIX socket bind(/var/run/suricata-command.socket) error: Permission denied
[852609 - Suricata-Main] 2024-06-14 14:48:54 Warning: unix-manager: Unable to create unix command socket
[853081 - RX#01] 2024-06-14 14:48:54 Info: pcap: Starting file run for pcaps/PacketWhisper/Random_Subdomain_FQDNs_cloudfront_prex_half_second.pcapng
[853081 - RX#01] 2024-06-14 14:48:54 Info: pcap: pcap file pcaps/PacketWhisper/Random_Subdomain_FQDNs_cloudfront_prex_half_second.pcapng end of file reached (pcap err code 0)
[852609 - Suricata-Main] 2024-06-14 14:48:54 Notice: threads: Threads created -> RX: 1 W: 4 FM: 1 FR: 1   Engine started.
[852609 - Suricata-Main] 2024-06-14 14:48:54 Notice: suricata: Signal Received.  Stopping engine.
[852609 - Suricata-Main] 2024-06-14 14:48:54 Info: suricata: time elapsed 0.330s
[853081 - RX#01] 2024-06-14 14:48:54 Notice: pcap: read 1 file, 327 packets, 39928 bytes
[852609 - Suricata-Main] 2024-06-14 14:48:54 Info: counters: Alerts: 161
