[9981 - Suricata-Main] 2024-05-20 07:14:57 Notice: suricata: This is Suricata version 7.0.3 RELEASE running in USER mode
[9981 - Suricata-Main] 2024-05-20 07:14:57 Info: cpu: CPUs/cores online: 4
[9981 - Suricata-Main] 2024-05-20 07:14:57 Info: suricata: Setting engine mode to IDS mode by default
[9981 - Suricata-Main] 2024-05-20 07:14:57 Info: exception-policy: master exception-policy set to: auto
[9981 - Suricata-Main] 2024-05-20 07:14:57 Info: logopenfile: fast output device (regular) initialized: fast.log
[9981 - Suricata-Main] 2024-05-20 07:14:57 Info: logopenfile: eve-log output device (regular) initialized: eve.json
[9981 - Suricata-Main] 2024-05-20 07:14:57 Info: logopenfile: stats output device (regular) initialized: stats.log
[9981 - Suricata-Main] 2024-05-20 07:15:32 Info: detect: 1 rule files processed. 43965 rules successfully loaded, 0 rules failed, 0
[9981 - Suricata-Main] 2024-05-20 07:15:32 Info: threshold-config: Threshold config parsed: 0 rule(s) found
[9981 - Suricata-Main] 2024-05-20 07:15:32 Info: detect: 43968 signatures processed. 1194 are IP-only rules, 4987 are inspecting packet payload, 37575 inspect application layer, 108 are decoder event only
[9981 - Suricata-Main] 2024-05-20 07:15:52 Info: unix-manager: unix socket '/var/run/suricata-command.socket'
[9981 - Suricata-Main] 2024-05-20 07:15:52 Warning: unix-manager: Unix socket: UNIX socket bind(/var/run/suricata-command.socket) error: Permission denied
[9981 - Suricata-Main] 2024-05-20 07:15:52 Warning: unix-manager: Unable to create unix command socket
[10425 - RX#01] 2024-05-20 07:15:52 Info: pcap: Starting file run for /home/kali/Desktop/TESI/dns2tcp_test_ssh_navigazione_web.pcapng
[9981 - Suricata-Main] 2024-05-20 07:15:52 Notice: threads: Threads created -> RX: 1 W: 4 FM: 1 FR: 1   Engine started.
[10425 - RX#01] 2024-05-20 07:15:52 Info: checksum: Less than 1/10th of packets have an invalid checksum, assuming checksum offloading is NOT used (1/1000)
[10425 - RX#01] 2024-05-20 07:16:45 Info: pcap: pcap file /home/kali/Desktop/TESI/dns2tcp_test_ssh_navigazione_web.pcapng end of file reached (pcap err code 0)
[9981 - Suricata-Main] 2024-05-20 07:16:45 Notice: suricata: Signal Received.  Stopping engine.
[9981 - Suricata-Main] 2024-05-20 07:17:16 Info: suricata: time elapsed 83.684s
[10425 - RX#01] 2024-05-20 07:17:16 Notice: pcap: read 1 file, 119253 packets, 39629710 bytes
[9981 - Suricata-Main] 2024-05-20 07:17:16 Info: counters: Alerts: 121882
[11208 - Suricata-Main] 2024-05-20 07:17:27 Notice: suricata: This is Suricata version 7.0.3 RELEASE running in USER mode
[11208 - Suricata-Main] 2024-05-20 07:17:27 Info: cpu: CPUs/cores online: 4
[11208 - Suricata-Main] 2024-05-20 07:17:27 Info: suricata: Setting engine mode to IDS mode by default
[11208 - Suricata-Main] 2024-05-20 07:17:27 Info: exception-policy: master exception-policy set to: auto
[11208 - Suricata-Main] 2024-05-20 07:17:27 Info: logopenfile: fast output device (regular) initialized: fast.log
[11208 - Suricata-Main] 2024-05-20 07:17:27 Info: logopenfile: eve-log output device (regular) initialized: eve.json
[11208 - Suricata-Main] 2024-05-20 07:17:27 Info: logopenfile: stats output device (regular) initialized: stats.log
[11208 - Suricata-Main] 2024-05-20 07:17:57 Info: detect: 1 rule files processed. 43965 rules successfully loaded, 0 rules failed, 0
[11208 - Suricata-Main] 2024-05-20 07:17:57 Info: threshold-config: Threshold config parsed: 0 rule(s) found
[11208 - Suricata-Main] 2024-05-20 07:17:57 Info: detect: 43968 signatures processed. 1194 are IP-only rules, 4987 are inspecting packet payload, 37575 inspect application layer, 108 are decoder event only
[11208 - Suricata-Main] 2024-05-20 07:18:14 Info: unix-manager: unix socket '/var/run/suricata-command.socket'
[11570 - RX#01] 2024-05-20 07:18:14 Info: pcap: Starting file run for /home/kali/Desktop/TESI/dns2tcp_test_ssh_navigazione_web.pcapng
[11208 - Suricata-Main] 2024-05-20 07:18:14 Notice: threads: Threads created -> RX: 1 W: 4 FM: 1 FR: 1   Engine started.
[11570 - RX#01] 2024-05-20 07:18:14 Info: checksum: Less than 1/10th of packets have an invalid checksum, assuming checksum offloading is NOT used (7/1000)
[11570 - RX#01] 2024-05-20 07:19:03 Info: pcap: pcap file /home/kali/Desktop/TESI/dns2tcp_test_ssh_navigazione_web.pcapng end of file reached (pcap err code 0)
[11208 - Suricata-Main] 2024-05-20 07:19:03 Notice: suricata: Signal Received.  Stopping engine.
[11208 - Suricata-Main] 2024-05-20 07:19:19 Info: suricata: time elapsed 64.809s
[11570 - RX#01] 2024-05-20 07:19:19 Notice: pcap: read 1 file, 119253 packets, 39629710 bytes
[11208 - Suricata-Main] 2024-05-20 07:19:19 Info: counters: Alerts: 121882
