#separator \x09
#set_separator	,
#empty_field	(empty)
#unset_field	-
#path	ocsp
#open	2024-06-14-15-18-19
#fields	ts	id	hashAlgorithm	issuerNameHash	issuerKeyHash	serialNumber	certStatus	revoketime	revokereason	thisUpdate	nextUpdate
#types	time	string	string	string	string	string	string	time	string	time	time
1718268945.239626	FO2nZ21NEYdlDHLcw1	sha1	48DAC9A0FB2BD32D4FF0DE68D2F567B735F9B3C4	142EB317B75856CBAE500940E61FAF9D8B14C2C6	04B2AD5A18D9B0D3E6F61304D6ADB323C4C7	good	-	-	1718091480.000000	1718696278.000000
1718268945.301979	Fjjnng2iT58040vnz6	sha1	48DAC9A0FB2BD32D4FF0DE68D2F567B735F9B3C4	142EB317B75856CBAE500940E61FAF9D8B14C2C6	0481863EE421934DE24F00F91D4B783D519D	good	-	-	1718091240.000000	1718696038.000000
1718268945.487493	FUBYAe2exfpaA2qrv3	sha1	48DAC9A0FB2BD32D4FF0DE68D2F567B735F9B3C4	142EB317B75856CBAE500940E61FAF9D8B14C2C6	0481863EE421934DE24F00F91D4B783D519D	good	-	-	1718091240.000000	1718696038.000000
1718268946.516616	FqEses4z2IVlV4EFb7	sha1	48DAC9A0FB2BD32D4FF0DE68D2F567B735F9B3C4	142EB317B75856CBAE500940E61FAF9D8B14C2C6	03F8917A7E168F9314B8AFB14976EE4917B6	good	-	-	1718088480.000000	1718693278.000000
1718268948.576010	Fhz8Tx4lk8TDfs4gFg	sha1	48DAC9A0FB2BD32D4FF0DE68D2F567B735F9B3C4	142EB317B75856CBAE500940E61FAF9D8B14C2C6	048270BD70F772AC0F51B2E45CB274E6939A	good	-	-	1718088420.000000	1718693218.000000
1718268948.594670	F1akFSZHeE8D1NVBl	sha1	5342D4848BC117F9B6144D777CFB23310F7B35CD	DE1B1EED7915D43E3724C321BBEC34396D42B230	A36BC29EE446AFDA0A9E0B9C3B16752A	good	-	-	1718180163.000000	1718781362.000000
1718268949.341860	FoC2jw4Bc3BHmVi4ac	sha1	48DAC9A0FB2BD32D4FF0DE68D2F567B735F9B3C4	142EB317B75856CBAE500940E61FAF9D8B14C2C6	04E9417FA949AF5579C1E68AB26993ACE352	good	-	-	1718088420.000000	1718693218.000000
1718268955.450949	FV3xcQ78OeXZvHuf	sha1	48DAC9A0FB2BD32D4FF0DE68D2F567B735F9B3C4	142EB317B75856CBAE500940E61FAF9D8B14C2C6	036074CFC49CA231E673700B7648D499EE0B	good	-	-	1718088420.000000	1718693218.000000
1718268955.497140	FnXKsp2qeiYuiNePEb	sha1	48DAC9A0FB2BD32D4FF0DE68D2F567B735F9B3C4	142EB317B75856CBAE500940E61FAF9D8B14C2C6	036074CFC49CA231E673700B7648D499EE0B	good	-	-	1718088420.000000	1718693218.000000
1718268955.887350	FMZWSw448SztQJj4Cj	sha1	48DAC9A0FB2BD32D4FF0DE68D2F567B735F9B3C4	142EB317B75856CBAE500940E61FAF9D8B14C2C6	03019AAD308488D2F80C62DCD0E61C14FA5C	good	-	-	1718088480.000000	1718693278.000000
1718269061.024961	F7yT2x3XjeNzSbXw05	sha1	5342D4848BC117F9B6144D777CFB23310F7B35CD	DE1B1EED7915D43E3724C321BBEC34396D42B230	8AB3EACA455BAD780AC891B4C2D03A0B	good	-	-	1718181785.000000	1718782984.000000
1718269061.024961	Fcp7QB2F10YXMakb19	sha1	5342D4848BC117F9B6144D777CFB23310F7B35CD	DE1B1EED7915D43E3724C321BBEC34396D42B230	8AB3EACA455BAD780AC891B4C2D03A0B	good	-	-	1718181785.000000	1718782984.000000
1718269061.422353	FL8SZ3igpw1FXoDU3	sha1	5342D4848BC117F9B6144D777CFB23310F7B35CD	DE1B1EED7915D43E3724C321BBEC34396D42B230	CC38547C571CF1C40904817F86424F7A	good	-	-	1718176554.000000	1718777753.000000
1718269062.216405	Ffvwq62iVtLlJCT9r6	sha1	5342D4848BC117F9B6144D777CFB23310F7B35CD	DE1B1EED7915D43E3724C321BBEC34396D42B230	D70F2EAC5745C11E1203CA709C171EDE	good	-	-	1718180220.000000	1718781419.000000
1718269062.219734	FCFFHV36Jztv9OoLeb	sha1	5342D4848BC117F9B6144D777CFB23310F7B35CD	DE1B1EED7915D43E3724C321BBEC34396D42B230	D70F2EAC5745C11E1203CA709C171EDE	good	-	-	1718180220.000000	1718781419.000000
1718269066.664507	FRIoXRCDxsuzzlItk	sha1	C72E798ADDFF6134B3BAED4742B8BBC6C0240763	8A747FAF85CDEE95CD3D9CD0E24614F371351D27	5AA834B214D917AF09A364E78B4E7E2E	good	-	-	1718176744.000000	1718777943.000000
1718269066.718159	FWBgop4YqD6bZaKb2e	sha1	C72E798ADDFF6134B3BAED4742B8BBC6C0240763	8A747FAF85CDEE95CD3D9CD0E24614F371351D27	18875A7D66A6CD0D0A51863952C0D089	good	-	-	1718178361.000000	1718779560.000000
1718269066.925214	Fa3nij4zjZ1CrYMQAb	sha1	5342D4848BC117F9B6144D777CFB23310F7B35CD	DE1B1EED7915D43E3724C321BBEC34396D42B230	E5DF7D6D528DF2830A08C6638BCA8D45	good	-	-	1718181787.000000	1718782986.000000
1718269067.471760	Fb5aRf21Dxa1Qei0E1	sha1	5342D4848BC117F9B6144D777CFB23310F7B35CD	DE1B1EED7915D43E3724C321BBEC34396D42B230	E1F27BF96BDBE24E0A52E27F03B73C01	good	-	-	1718180220.000000	1718781419.000000
1718269101.373181	FJ6hcO1Jm5S3NS1nGl	sha1	5342D4848BC117F9B6144D777CFB23310F7B35CD	DE1B1EED7915D43E3724C321BBEC34396D42B230	E8D380AE72BA1D39109208E3BB03991D	good	-	-	1718178256.000000	1718779455.000000
1718269101.373181	FFw2aNehxNejRZTX2	sha1	5342D4848BC117F9B6144D777CFB23310F7B35CD	DE1B1EED7915D43E3724C321BBEC34396D42B230	E8D380AE72BA1D39109208E3BB03991D	good	-	-	1718178256.000000	1718779455.000000
1718269102.516803	FLvaps4Hni1Xhmo4Ie	sha1	5342D4848BC117F9B6144D777CFB23310F7B35CD	DE1B1EED7915D43E3724C321BBEC34396D42B230	C1B3281CF18A91C8090F4A695F200268	good	-	-	1718176401.000000	1718777600.000000
1718269102.703105	FfkNbP2H9hz02urgJ1	sha1	CF26F518FAC97E8F8CB342E01C2F6A109E8E5F0A	5168FF90AF0207753CCCD9656462A212B859723B	0A97AFB2E41A1BE56A86ACDDE37C1E55	good	-	-	1718218981.000000	1718820181.000000
1718269103.346615	FZsXli3DBmP0diBva5	sha1	430BD20E4F137A1A6C918F24E5DA7E324D4733C8	8D8C5EC454AD8AE177E99BF99B05E1B8018D61E1	60D1F9FE452B1AEACE67A3E308B78683	good	-	-	1718023899.000000	1718628698.000000
1718269103.442637	FttuUF4ZVEabUqwuS1	sha1	430BD20E4F137A1A6C918F24E5DA7E324D4733C8	8D8C5EC454AD8AE177E99BF99B05E1B8018D61E1	60D1F9FE452B1AEACE67A3E308B78683	good	-	-	1718023899.000000	1718628698.000000
1718269103.537126	F70LZK2MCQj79vqz4c	sha1	430BD20E4F137A1A6C918F24E5DA7E324D4733C8	8D8C5EC454AD8AE177E99BF99B05E1B8018D61E1	60D1F9FE452B1AEACE67A3E308B78683	good	-	-	1718023899.000000	1718628698.000000
1718269103.609822	FZnYhLFrQyxlmjX1j	sha1	430BD20E4F137A1A6C918F24E5DA7E324D4733C8	8D8C5EC454AD8AE177E99BF99B05E1B8018D61E1	60D1F9FE452B1AEACE67A3E308B78683	good	-	-	1718023899.000000	1718628698.000000
1718269110.845826	F2zXAt33aNMkKvVA8	sha1	430BD20E4F137A1A6C918F24E5DA7E324D4733C8	8D8C5EC454AD8AE177E99BF99B05E1B8018D61E1	F2CF5570455C49F98BD084019E8D909A	good	-	-	1718200891.000000	1718805690.000000
1718269110.853093	FKHYxF3X252NQdfTh	sha1	48DAC9A0FB2BD32D4FF0DE68D2F567B735F9B3C4	142EB317B75856CBAE500940E61FAF9D8B14C2C6	035DC677F017DD3D864F14A0A19C22795132	good	-	-	1718096040.000000	1718700838.000000
1718269110.972824	F5VeRy3M43B3iC2b9j	sha1	48DAC9A0FB2BD32D4FF0DE68D2F567B735F9B3C4	142EB317B75856CBAE500940E61FAF9D8B14C2C6	0460BF0025925FBCC84974E6AA4E393E9FC0	good	-	-	1718091780.000000	1718696578.000000
1718269111.638145	FL8bv21Onfx4mGSYH	sha1	12AB48B9B763DA7E2D86C3DBB3C2773B29372D5A	C781F5FD8E88D9003C4D63A2503124A0CE23FE23	3654C7F4F0FEB769120DCB560D052362	good	-	-	1718212642.000000	1718813841.000000
1718269112.479895	Fz4jYn1e51aNhoTFGi	sha1	498942A04F69BCF1F6789F17352EEE8CFE3BE46A	0CDB6C82490F4A670AB814EE7AC4485288EB5638	0B8CE9E7BE4C03D160827FCEF97A7568	good	-	-	1718224382.000000	1718825582.000000
1718269112.490942	Fd2g9937drb261u0i8	sha1	498942A04F69BCF1F6789F17352EEE8CFE3BE46A	0CDB6C82490F4A670AB814EE7AC4485288EB5638	0B8CE9E7BE4C03D160827FCEF97A7568	good	-	-	1718224382.000000	1718825582.000000
1718269112.609344	F0KXh02UhwW2ZD0Qm3	sha1	5342D4848BC117F9B6144D777CFB23310F7B35CD	DE1B1EED7915D43E3724C321BBEC34396D42B230	168FA8CB5319EA510A7B4EC899FB545F	good	-	-	1718180256.000000	1718781455.000000
1718269112.609344	FMwgt33Nj9zi4oY7	sha1	5342D4848BC117F9B6144D777CFB23310F7B35CD	DE1B1EED7915D43E3724C321BBEC34396D42B230	168FA8CB5319EA510A7B4EC899FB545F	good	-	-	1718180256.000000	1718781455.000000
1718269113.395786	FmlbGP3PqdGsIRSExd	sha1	C72E798ADDFF6134B3BAED4742B8BBC6C0240763	8A747FAF85CDEE95CD3D9CD0E24614F371351D27	DFBC35B0190E64571040561042AAA349	good	-	-	1718174687.000000	1718775886.000000
1718269113.405674	FX9RvA26Tx0d3kosLd	sha1	5342D4848BC117F9B6144D777CFB23310F7B35CD	DE1B1EED7915D43E3724C321BBEC34396D42B230	506A7A3B8F4EA39A12B0E684D53CF95A	good	-	-	1718176595.000000	1718777794.000000
1718269114.092270	FlN7W61e8ffJiKj6H9	sha1	430BD20E4F137A1A6C918F24E5DA7E324D4733C8	8D8C5EC454AD8AE177E99BF99B05E1B8018D61E1	5171D2024D3BD0DF3013760BBC763BAA	good	-	-	1718236222.000000	1718841021.000000
1718269115.148528	F0roiUNriP8zPbZa7	sha1	5342D4848BC117F9B6144D777CFB23310F7B35CD	DE1B1EED7915D43E3724C321BBEC34396D42B230	8C795D16BBD45CBC09FFA18EEEA1D46D	good	-	-	1718180163.000000	1718781362.000000
1718269118.769025	F3sMCi3qNTuPsRwVDh	sha1	48DAC9A0FB2BD32D4FF0DE68D2F567B735F9B3C4	142EB317B75856CBAE500940E61FAF9D8B14C2C6	04977C815BC8AEBA310B04ECD46140910190	good	-	-	1718091900.000000	1718696698.000000
1718269119.037843	FFe78e2sIxdEoF4Ici	sha1	48DAC9A0FB2BD32D4FF0DE68D2F567B735F9B3C4	142EB317B75856CBAE500940E61FAF9D8B14C2C6	04977C815BC8AEBA310B04ECD46140910190	good	-	-	1718091900.000000	1718696698.000000
1718269126.261821	FcSbPgNuB14FeXKi8	sha1	D49294BE2B4A19852331FE698267BE94A9D8D4C5	26147EE0DCD7A6F7E2D40427DF61F1C2ECE732CA	414C806F4F214B47AE65FFB1395452A9	good	-	-	1718245346.000000	1718850145.000000
#close	2024-06-14-15-18-19
