[874862 - Suricata-Main] 2024-06-14 15:20:40 Notice: suricata: This is Suricata version 7.0.3 RELEASE running in USER mode
[874862 - Suricata-Main] 2024-06-14 15:20:40 Info: cpu: CPUs/cores online: 4
[874862 - Suricata-Main] 2024-06-14 15:20:40 Info: suricata: Setting engine mode to IDS mode by default
[874862 - Suricata-Main] 2024-06-14 15:20:40 Info: exception-policy: master exception-policy set to: auto
[874862 - Suricata-Main] 2024-06-14 15:20:40 Info: logopenfile: fast output device (regular) initialized: fast.log
[874862 - Suricata-Main] 2024-06-14 15:20:40 Info: logopenfile: eve-log output device (regular) initialized: eve.json
[874862 - Suricata-Main] 2024-06-14 15:20:40 Info: logopenfile: stats output device (regular) initialized: stats.log
[874862 - Suricata-Main] 2024-06-14 15:21:19 Info: detect: 1 rule files processed. 43965 rules successfully loaded, 0 rules failed, 0
[874862 - Suricata-Main] 2024-06-14 15:21:19 Info: threshold-config: Threshold config parsed: 0 rule(s) found
[874862 - Suricata-Main] 2024-06-14 15:21:19 Info: detect: 43968 signatures processed. 1194 are IP-only rules, 4987 are inspecting packet payload, 37575 inspect application layer, 108 are decoder event only
[874862 - Suricata-Main] 2024-06-14 15:21:36 Info: unix-manager: unix socket '/var/run/suricata-command.socket'
[874862 - Suricata-Main] 2024-06-14 15:21:37 Warning: unix-manager: Unix socket: UNIX socket bind(/var/run/suricata-command.socket) error: Permission denied
[874862 - Suricata-Main] 2024-06-14 15:21:37 Warning: unix-manager: Unable to create unix command socket
[875363 - RX#01] 2024-06-14 15:21:37 Info: pcap: Starting file run for pcaps/iodine.pcapng
[875363 - RX#01] 2024-06-14 15:21:37 Info: checksum: Less than 1/10th of packets have an invalid checksum, assuming checksum offloading is NOT used (2/1000)
[874862 - Suricata-Main] 2024-06-14 15:21:37 Notice: threads: Threads created -> RX: 1 W: 4 FM: 1 FR: 1   Engine started.
[875363 - RX#01] 2024-06-14 15:21:37 Info: pcap: pcap file pcaps/iodine.pcapng end of file reached (pcap err code 0)
[874862 - Suricata-Main] 2024-06-14 15:21:37 Notice: suricata: Signal Received.  Stopping engine.
[874862 - Suricata-Main] 2024-06-14 15:21:39 Info: suricata: time elapsed 2.641s
[875363 - RX#01] 2024-06-14 15:21:39 Notice: pcap: read 1 file, 7711 packets, 16472558 bytes
[874862 - Suricata-Main] 2024-06-14 15:21:39 Info: counters: Alerts: 3819
