[849937 - Suricata-Main] 2024-06-14 14:42:21 Notice: suricata: This is Suricata version 7.0.3 RELEASE running in USER mode
[849937 - Suricata-Main] 2024-06-14 14:42:21 Info: cpu: CPUs/cores online: 4
[849937 - Suricata-Main] 2024-06-14 14:42:21 Info: suricata: Setting engine mode to IDS mode by default
[849937 - Suricata-Main] 2024-06-14 14:42:21 Info: exception-policy: master exception-policy set to: auto
[849937 - Suricata-Main] 2024-06-14 14:42:21 Info: logopenfile: fast output device (regular) initialized: fast.log
[849937 - Suricata-Main] 2024-06-14 14:42:21 Info: logopenfile: eve-log output device (regular) initialized: eve.json
[849937 - Suricata-Main] 2024-06-14 14:42:21 Info: logopenfile: stats output device (regular) initialized: stats.log
[849937 - Suricata-Main] 2024-06-14 14:42:51 Info: detect: 1 rule files processed. 43965 rules successfully loaded, 0 rules failed, 0
[849937 - Suricata-Main] 2024-06-14 14:42:52 Info: threshold-config: Threshold config parsed: 0 rule(s) found
[849937 - Suricata-Main] 2024-06-14 14:42:52 Info: detect: 43968 signatures processed. 1194 are IP-only rules, 4987 are inspecting packet payload, 37575 inspect application layer, 108 are decoder event only
[849937 - Suricata-Main] 2024-06-14 14:43:10 Info: unix-manager: unix socket '/var/run/suricata-command.socket'
[849937 - Suricata-Main] 2024-06-14 14:43:10 Warning: unix-manager: Unix socket: UNIX socket bind(/var/run/suricata-command.socket) error: Permission denied
[849937 - Suricata-Main] 2024-06-14 14:43:10 Warning: unix-manager: Unable to create unix command socket
[850311 - RX#01] 2024-06-14 14:43:10 Info: pcap: Starting file run for pcaps/PacketWhisper/Unique_Repeating_FQDNs_helf_second.pcapng
[850311 - RX#01] 2024-06-14 14:43:10 Info: pcap: pcap file pcaps/PacketWhisper/Unique_Repeating_FQDNs_helf_second.pcapng end of file reached (pcap err code 0)
[849937 - Suricata-Main] 2024-06-14 14:43:10 Notice: threads: Threads created -> RX: 1 W: 4 FM: 1 FR: 1   Engine started.
[849937 - Suricata-Main] 2024-06-14 14:43:10 Notice: suricata: Signal Received.  Stopping engine.
[849937 - Suricata-Main] 2024-06-14 14:43:11 Info: suricata: time elapsed 0.333s
[850311 - RX#01] 2024-06-14 14:43:11 Notice: pcap: read 1 file, 166 packets, 19150 bytes
[849937 - Suricata-Main] 2024-06-14 14:43:11 Info: counters: Alerts: 80
